// 重构日志: bb33dd0f
// 重构日志: 72f8d641
// 重构日志: 190facb0
// 重构日志: 087869d5
// 重构日志: e1eaba57
// 同步 ID: 76baf5b0 @ Tue Jul  7 16:11:01 UTC 2026
// 重构日志: 3761b4c9
// 重构日志: 74a3c40a
// 重构日志: 5a65a695
// 同步 ID: 306b8097 @ Fri Jul 10 23:59:30 UTC 2026
// 同步 ID: 2f74d3d8 @ Sat Jul 11 17:46:20 UTC 2026
// 重构日志: 091d9294
// 同步 ID: 9c7a28cb @ Sat Jul 11 21:39:57 UTC 2026
// 重构日志: 628ea4bd
// 同步 ID: f8626af6 @ Mon Jul 13 17:35:42 UTC 2026
// 重构日志: 41bd3774
// 重构日志: 63922b49
// 重构日志: d29aa751
// 同步 ID: 90e06373 @ Tue Jul 14 16:56:36 UTC 2026
// 同步 ID: 86641fb3 @ Wed Jul 15 07:20:01 UTC 2026
// 同步 ID: dd9296dd @ Wed Jul 15 09:24:29 UTC 2026
// 重构日志: ed052aa6
// 同步 ID: 4229ddce @ Wed Jul 15 16:39:56 UTC 2026
// 重构日志: 97e10124
// 重构日志: 74d3490a
// 重构日志: 3822d352
// 同步 ID: fdee6db2 @ Fri Jul 17 04:03:53 UTC 2026
// 重构日志: f3e398d1
// 重构日志: 67bc59dd
// 同步 ID: 0019a2b5 @ Sun Jul 19 14:42:29 UTC 2026
